λ set COMPOSER=composer.local.json && composer run setup-local-env
> rm -rf node_modules/ package-lock.lock
> npm install

added 204 packages, and audited 205 packages in 3s

49 packages are looking for funding
  run `npm fund` for details

found 0 vulnerabilities
> npm run build

> build
> vite build

vite v7.1.10 building for production...
transforming...
✓ 54 modules transformed.
rendering chunks...
computing gzip size...
public/build/manifest.json             0.31 kB │ gzip:  0.17 kB
public/build/assets/app-DWj0YG2a.css  45.54 kB │ gzip:  8.09 kB
public/build/assets/app-CXDpL9bK.js   80.59 kB │ gzip: 30.19 kB
✓ built in 1.19s
> @php -r "file_exists('.env') || copy('.env.example', '.env');"
> @php artisan key:generate --ansi

   INFO  Application key set successfully.

> @php -r "file_exists('database/database.sqlite') || touch('database/database.sqlite');"
> @php artisan migrate --graceful --ansi

   INFO  Nothing to migrate.

> rm -rf vendor/ composer.lock
> php -r "echo '\033[32m>>> Using COMPOSER='.(getenv('COMPOSER') ?: 'composer.json').'\033[0m'.PHP_EOL;"
\033[32m>>> Using COMPOSER=composer.local.json \033[0m
> php -r "putenv('COMPOSER=composer.json'); passthru('composer install');"
No composer.lock file present. Updating dependencies to latest instead of installing from lock file. See https://getcomposer.org/install for more information.
Loading composer repositories with package information
Updating dependencies
Lock file operations: 141 installs, 0 updates, 0 removals
  - Locking barryvdh/laravel-debugbar (v3.16.0)
  - Locking barryvdh/laravel-ide-helper (v3.6.0)
  - Locking barryvdh/reflection-docblock (v2.4.0)
  - Locking brianium/paratest (v7.8.4)
  - Locking brick/math (0.14.0)
  - Locking carbonphp/carbon-doctrine-types (3.2.0)
  - Locking composer/class-map-generator (1.6.2)
  - Locking composer/pcre (3.3.2)
  - Locking dflydev/dot-access-data (v3.0.3)
  - Locking doctrine/deprecations (1.1.5)
  - Locking doctrine/inflector (2.1.0)
  - Locking doctrine/lexer (3.0.1)
  - Locking dragonmantank/cron-expression (v3.4.0)
  - Locking egulias/email-validator (4.0.4)
  - Locking fakerphp/faker (v1.24.1)
  - Locking fidry/cpu-core-counter (1.3.0)
  - Locking filp/whoops (2.18.4)
  - Locking fruitcake/php-cors (v1.3.0)
  - Locking graham-campbell/result-type (v1.1.3)
  - Locking guzzlehttp/guzzle (7.10.0)
  - Locking guzzlehttp/promises (2.3.0)
  - Locking guzzlehttp/psr7 (2.8.0)
  - Locking guzzlehttp/uri-template (v1.0.5)
  - Locking hamcrest/hamcrest-php (v2.1.1)
  - Locking iamcal/sql-parser (v0.6)
  - Locking jean85/pretty-package-versions (2.1.1)
  - Locking larastan/larastan (v3.7.2)
  - Locking laravel/breeze (v2.3.8)
  - Locking laravel/framework (v12.34.0)
  - Locking laravel/pail (v1.2.3)
  - Locking laravel/pint (v1.25.1)
  - Locking laravel/prompts (v0.3.7)
  - Locking laravel/sail (v1.46.0)
  - Locking laravel/serializable-closure (v2.0.6)
  - Locking laravel/tinker (v2.10.1)
  - Locking league/commonmark (2.7.1)
  - Locking league/config (v1.2.0)
  - Locking league/flysystem (3.30.0)
  - Locking league/flysystem-local (3.30.0)
  - Locking league/mime-type-detection (1.16.0)
  - Locking league/uri (7.5.1)
  - Locking league/uri-interfaces (7.5.0)
  - Locking mkamelmasoud/starter-core-kit (1.1.0)
  - Locking mockery/mockery (1.6.12)
  - Locking monolog/monolog (3.9.0)
  - Locking myclabs/deep-copy (1.13.4)
  - Locking nesbot/carbon (3.10.3)
  - Locking nette/schema (v1.3.2)
  - Locking nette/utils (v4.0.8)
  - Locking nikic/php-parser (v5.6.1)
  - Locking nunomaduro/collision (v8.8.2)
  - Locking nunomaduro/termwind (v2.3.2)
  - Locking pestphp/pest (v3.8.4)
  - Locking pestphp/pest-plugin (v3.0.0)
  - Locking pestphp/pest-plugin-arch (v3.1.1)
  - Locking pestphp/pest-plugin-laravel (v3.2.0)
  - Locking pestphp/pest-plugin-mutate (v3.0.5)
  - Locking phar-io/manifest (2.0.4)
  - Locking phar-io/version (3.2.1)
  - Locking php-debugbar/php-debugbar (v2.2.4)
  - Locking phpdocumentor/reflection-common (2.2.0)
  - Locking phpdocumentor/reflection-docblock (5.6.3)
  - Locking phpdocumentor/type-resolver (1.10.0)
  - Locking phpoption/phpoption (1.9.4)
  - Locking phpstan/extension-installer (1.4.3)
  - Locking phpstan/phpdoc-parser (2.3.0)
  - Locking phpstan/phpstan (2.1.31)
  - Locking phpstan/phpstan-strict-rules (2.0.7)
  - Locking phpunit/php-code-coverage (11.0.11)
  - Locking phpunit/php-file-iterator (5.1.0)
  - Locking phpunit/php-invoker (5.0.1)
  - Locking phpunit/php-text-template (4.0.1)
  - Locking phpunit/php-timer (7.0.1)
  - Locking phpunit/phpunit (11.5.33)
  - Locking predis/predis (v3.2.0)
  - Locking psr/clock (1.0.0)
  - Locking psr/container (2.0.2)
  - Locking psr/event-dispatcher (1.0.0)
  - Locking psr/http-client (1.0.3)
  - Locking psr/http-factory (1.1.0)
  - Locking psr/http-message (2.0)
  - Locking psr/log (3.0.2)
  - Locking psr/simple-cache (3.0.0)
  - Locking psy/psysh (v0.12.12)
  - Locking ralouphie/getallheaders (3.0.3)
  - Locking ramsey/collection (2.1.1)
  - Locking ramsey/uuid (4.9.1)
  - Locking sebastian/cli-parser (3.0.2)
  - Locking sebastian/code-unit (3.0.3)
  - Locking sebastian/code-unit-reverse-lookup (4.0.1)
  - Locking sebastian/comparator (6.3.2)
  - Locking sebastian/complexity (4.0.1)
  - Locking sebastian/diff (6.0.2)
  - Locking sebastian/environment (7.2.1)
  - Locking sebastian/exporter (6.3.2)
  - Locking sebastian/global-state (7.0.2)
  - Locking sebastian/lines-of-code (3.0.1)
  - Locking sebastian/object-enumerator (6.0.1)
  - Locking sebastian/object-reflector (4.0.1)
  - Locking sebastian/recursion-context (6.0.3)
  - Locking sebastian/type (5.1.3)
  - Locking sebastian/version (5.0.2)
  - Locking staabm/side-effects-detector (1.0.5)
  - Locking symfony/clock (v7.3.0)
  - Locking symfony/console (v7.3.4)
  - Locking symfony/css-selector (v7.3.0)
  - Locking symfony/deprecation-contracts (v3.6.0)
  - Locking symfony/error-handler (v7.3.4)
  - Locking symfony/event-dispatcher (v7.3.3)
  - Locking symfony/event-dispatcher-contracts (v3.6.0)
  - Locking symfony/finder (v7.3.2)
  - Locking symfony/http-foundation (v7.3.4)
  - Locking symfony/http-kernel (v7.3.4)
  - Locking symfony/mailer (v7.3.4)
  - Locking symfony/mime (v7.3.4)
  - Locking symfony/polyfill-ctype (v1.33.0)
  - Locking symfony/polyfill-intl-grapheme (v1.33.0)
  - Locking symfony/polyfill-intl-idn (v1.33.0)
  - Locking symfony/polyfill-intl-normalizer (v1.33.0)
  - Locking symfony/polyfill-mbstring (v1.33.0)
  - Locking symfony/polyfill-php80 (v1.33.0)
  - Locking symfony/polyfill-php83 (v1.33.0)
  - Locking symfony/polyfill-php84 (v1.33.0)
  - Locking symfony/polyfill-php85 (v1.33.0)
  - Locking symfony/polyfill-uuid (v1.33.0)
  - Locking symfony/process (v7.3.4)
  - Locking symfony/routing (v7.3.4)
  - Locking symfony/service-contracts (v3.6.0)
  - Locking symfony/string (v7.3.4)
  - Locking symfony/translation (v7.3.4)
  - Locking symfony/translation-contracts (v3.6.0)
  - Locking symfony/uid (v7.3.1)
  - Locking symfony/var-dumper (v7.3.4)
  - Locking symfony/yaml (v7.3.3)
  - Locking ta-tikoma/phpunit-architecture-test (0.8.5)
  - Locking theseer/tokenizer (1.2.3)
  - Locking tijsverkoyen/css-to-inline-styles (v2.3.0)
  - Locking vlucas/phpdotenv (v5.6.2)
  - Locking voku/portable-ascii (2.0.3)
  - Locking webmozart/assert (1.11.0)
  - Locking wikimedia/composer-merge-plugin (v2.1.0)
Writing lock file
Installing dependencies from lock file (including require-dev)
Package operations: 141 installs, 0 updates, 0 removals
    0 [>---------------------------]    0 [->--------------------------]
  - Installing pestphp/pest-plugin (v3.0.0): Extracting archive
  - Installing wikimedia/composer-merge-plugin (v2.1.0): Extracting archive
  - Installing phpstan/phpstan (2.1.31): Extracting archive
  - Installing phpstan/extension-installer (1.4.3): Extracting archive
  - Installing symfony/finder (v7.3.2): Extracting archive
  - Installing symfony/polyfill-mbstring (v1.33.0): Extracting archive
  - Installing symfony/deprecation-contracts (v3.6.0): Extracting archive
  - Installing symfony/var-dumper (v7.3.4): Extracting archive
  - Installing psr/log (3.0.2): Extracting archive
  - Installing php-debugbar/php-debugbar (v2.2.4): Extracting archive
  - Installing voku/portable-ascii (2.0.3): Extracting archive
  - Installing symfony/polyfill-php80 (v1.33.0): Extracting archive
  - Installing symfony/polyfill-ctype (v1.33.0): Extracting archive
  - Installing phpoption/phpoption (1.9.4): Extracting archive
  - Installing graham-campbell/result-type (v1.1.3): Extracting archive
  - Installing vlucas/phpdotenv (v5.6.2): Extracting archive
  - Installing symfony/css-selector (v7.3.0): Extracting archive
  - Installing tijsverkoyen/css-to-inline-styles (v2.3.0): Extracting archive
  - Installing symfony/polyfill-uuid (v1.33.0): Extracting archive
  - Installing symfony/uid (v7.3.1): Extracting archive
  - Installing symfony/routing (v7.3.4): Extracting archive
  - Installing symfony/process (v7.3.4): Extracting archive
  - Installing symfony/polyfill-php85 (v1.33.0): Extracting archive
  - Installing symfony/polyfill-php84 (v1.33.0): Extracting archive
  - Installing symfony/polyfill-php83 (v1.33.0): Extracting archive
  - Installing symfony/polyfill-intl-normalizer (v1.33.0): Extracting archive
  - Installing symfony/polyfill-intl-idn (v1.33.0): Extracting archive
  - Installing symfony/mime (v7.3.4): Extracting archive
  - Installing psr/container (2.0.2): Extracting archive
  - Installing symfony/service-contracts (v3.6.0): Extracting archive
  - Installing psr/event-dispatcher (1.0.0): Extracting archive
  - Installing symfony/event-dispatcher-contracts (v3.6.0): Extracting archive
  - Installing symfony/event-dispatcher (v7.3.3): Extracting archive
  - Installing doctrine/lexer (3.0.1): Extracting archive
  - Installing egulias/email-validator (4.0.4): Extracting archive
  - Installing symfony/mailer (v7.3.4): Extracting archive
  - Installing symfony/http-foundation (v7.3.4): Extracting archive
  - Installing symfony/error-handler (v7.3.4): Extracting archive
  - Installing symfony/http-kernel (v7.3.4): Extracting archive
  - Installing symfony/polyfill-intl-grapheme (v1.33.0): Extracting archive
  - Installing symfony/string (v7.3.4): Extracting archive
  - Installing symfony/console (v7.3.4): Extracting archive
  - Installing ramsey/collection (2.1.1): Extracting archive
  - Installing brick/math (0.14.0): Extracting archive
  - Installing ramsey/uuid (4.9.1): Extracting archive
  - Installing psr/simple-cache (3.0.0): Extracting archive
  - Installing nunomaduro/termwind (v2.3.2): Extracting archive
  - Installing symfony/translation-contracts (v3.6.0): Extracting archive
  - Installing symfony/translation (v7.3.4): Extracting archive
  - Installing psr/clock (1.0.0): Extracting archive
  - Installing symfony/clock (v7.3.0): Extracting archive
  - Installing carbonphp/carbon-doctrine-types (3.2.0): Extracting archive
  - Installing nesbot/carbon (3.10.3): Extracting archive
  - Installing monolog/monolog (3.9.0): Extracting archive
  - Installing psr/http-message (2.0): Extracting archive
  - Installing psr/http-factory (1.1.0): Extracting archive
  - Installing league/uri-interfaces (7.5.0): Extracting archive
  - Installing league/uri (7.5.1): Extracting archive
  - Installing league/mime-type-detection (1.16.0): Extracting archive
  - Installing league/flysystem-local (3.30.0): Extracting archive
  - Installing league/flysystem (3.30.0): Extracting archive
  - Installing nette/utils (v4.0.8): Extracting archive
  - Installing nette/schema (v1.3.2): Extracting archive
  - Installing dflydev/dot-access-data (v3.0.3): Extracting archive
  - Installing league/config (v1.2.0): Extracting archive
  - Installing league/commonmark (2.7.1): Extracting archive
  - Installing laravel/serializable-closure (v2.0.6): Extracting archive
  - Installing laravel/prompts (v0.3.7): Extracting archive
  - Installing guzzlehttp/uri-template (v1.0.5): Extracting archive
  - Installing psr/http-client (1.0.3): Extracting archive
  - Installing ralouphie/getallheaders (3.0.3): Extracting archive
  - Installing guzzlehttp/psr7 (2.8.0): Extracting archive
  - Installing guzzlehttp/promises (2.3.0): Extracting archive
  - Installing guzzlehttp/guzzle (7.10.0): Extracting archive
  - Installing fruitcake/php-cors (v1.3.0): Extracting archive
  - Installing webmozart/assert (1.11.0): Extracting archive
  - Installing dragonmantank/cron-expression (v3.4.0): Extracting archive
  - Installing doctrine/inflector (2.1.0): Extracting archive
  - Installing laravel/framework (v12.34.0): Extracting archive
  - Installing barryvdh/laravel-debugbar (v3.16.0): Extracting archive
  - Installing composer/pcre (3.3.2): Extracting archive
  - Installing composer/class-map-generator (1.6.2): Extracting archive
  - Installing barryvdh/reflection-docblock (v2.4.0): Extracting archive
  - Installing barryvdh/laravel-ide-helper (v3.6.0): Extracting archive
  - Installing sebastian/environment (7.2.1): Extracting archive
  - Installing staabm/side-effects-detector (1.0.5): Extracting archive
  - Installing sebastian/version (5.0.2): Extracting archive
  - Installing sebastian/type (5.1.3): Extracting archive
  - Installing sebastian/recursion-context (6.0.3): Extracting archive
  - Installing sebastian/object-reflector (4.0.1): Extracting archive
  - Installing sebastian/object-enumerator (6.0.1): Extracting archive
  - Installing sebastian/global-state (7.0.2): Extracting archive
  - Installing sebastian/exporter (6.3.2): Extracting archive
  - Installing sebastian/diff (6.0.2): Extracting archive
  - Installing sebastian/comparator (6.3.2): Extracting archive
  - Installing sebastian/code-unit (3.0.3): Extracting archive
  - Installing sebastian/cli-parser (3.0.2): Extracting archive
  - Installing phpunit/php-timer (7.0.1): Extracting archive
  - Installing phpunit/php-text-template (4.0.1): Extracting archive
  - Installing phpunit/php-invoker (5.0.1): Extracting archive
  - Installing phpunit/php-file-iterator (5.1.0): Extracting archive
  - Installing theseer/tokenizer (1.2.3): Extracting archive
  - Installing nikic/php-parser (v5.6.1): Extracting archive
  - Installing sebastian/lines-of-code (3.0.1): Extracting archive
  - Installing sebastian/complexity (4.0.1): Extracting archive
  - Installing sebastian/code-unit-reverse-lookup (4.0.1): Extracting archive
  - Installing phpunit/php-code-coverage (11.0.11): Extracting archive
  - Installing phar-io/version (3.2.1): Extracting archive
  - Installing phar-io/manifest (2.0.4): Extracting archive
  - Installing myclabs/deep-copy (1.13.4): Extracting archive
  - Installing phpunit/phpunit (11.5.33): Extracting archive
  - Installing jean85/pretty-package-versions (2.1.1): Extracting archive
  - Installing fidry/cpu-core-counter (1.3.0): Extracting archive
  - Installing brianium/paratest (v7.8.4): Extracting archive
  - Installing fakerphp/faker (v1.24.1): Extracting archive
  - Installing iamcal/sql-parser (v0.6): Extracting archive
  - Installing larastan/larastan (v3.7.2): Extracting archive
  - Installing laravel/breeze (v2.3.8): Extracting archive
  - Installing laravel/pail (v1.2.3): Extracting archive
  - Installing laravel/pint (v1.25.1): Extracting archive
  - Installing symfony/yaml (v7.3.3): Extracting archive
  - Installing laravel/sail (v1.46.0): Extracting archive
  - Installing psy/psysh (v0.12.12): Extracting archive
  - Installing laravel/tinker (v2.10.1): Extracting archive
  - Installing mkamelmasoud/starter-core-kit (1.1.0): Extracting archive
  - Installing hamcrest/hamcrest-php (v2.1.1): Extracting archive
  - Installing mockery/mockery (1.6.12): Extracting archive
  - Installing filp/whoops (2.18.4): Extracting archive
  - Installing nunomaduro/collision (v8.8.2): Extracting archive
  - Installing phpstan/phpdoc-parser (2.3.0): Extracting archive
  - Installing phpdocumentor/reflection-common (2.2.0): Extracting archive
  - Installing doctrine/deprecations (1.1.5): Extracting archive
  - Installing phpdocumentor/type-resolver (1.10.0): Extracting archive
  - Installing phpdocumentor/reflection-docblock (5.6.3): Extracting archive
  - Installing ta-tikoma/phpunit-architecture-test (0.8.5): Extracting archive
  - Installing pestphp/pest-plugin-arch (v3.1.1): Extracting archive
  - Installing pestphp/pest-plugin-mutate (v3.0.5): Extracting archive
  - Installing pestphp/pest (v3.8.4): Extracting archive
  - Installing pestphp/pest-plugin-laravel (v3.2.0): Extracting archive
  - Installing phpstan/phpstan-strict-rules (2.0.7): Extracting archive
  - Installing predis/predis (v3.2.0): Extracting archive
   0/137 [>---------------------------]   0%
  16/137 [===>------------------------]  11%
  30/137 [======>---------------------]  21%
  48/137 [=========>------------------]  35%
  55/137 [===========>----------------]  40%
  70/137 [==============>-------------]  51%
  86/137 [=================>----------]  62%
 101/137 [====================>-------]  73%
 110/137 [======================>-----]  80%
 125/137 [=========================>--]  91%
 137/137 [============================] 100%
57 package suggestions were added by new dependencies, use `composer suggest` to see details.
Generating optimized autoload files
> Illuminate\Foundation\ComposerScripts::postAutoloadDump
> @php artisan package:discover --ansi

   INFO  Discovering packages.

  barryvdh/laravel-debugbar .................................................... DONE
  barryvdh/laravel-ide-helper .................................................. DONE
  laravel/breeze ............................................................... DONE
  laravel/pail ................................................................. DONE
  laravel/sail ................................................................. DONE
  laravel/tinker ....................................................95 packages you are using are looking for funding.
Use the `composer fund` command to find out more!
........... DONE
  mkamelmasoud/starter-core-kit ................................................ DONE
  nesbot/carbon ................................................................ DONE
  nunomaduro/collision ......................................................... DONE
  nunomaduro/termwind .......................................................... DONE
  pestphp/pest-plugin-laravel .................................................. DONE

phpstan/extension-installer: Extensions installed
> composer/pcre: installed
> larastan/larastan: installed
> nesbot/carbon: installed
> pestphp/pest: installed
> phpstan/phpstan-strict-rules: installed
> @php artisan vendor:publish --tag=laravel-assets --ansi --force

   INFO  No publishable resources for tag [laravel-assets].

> composer dump-autoload --optimize --classmap-authoritative
Generating optimized autoload files (authoritative)
Generated optimized autoload files (authoritative) containing 8017 classes
> @php artisan optimize:clear --ansi

   INFO  Clearing cached bootstrap files.

  config ................................................................ 1.44ms DONE
  cache ................................................................ 10.33ms DONE
  compiled .............................................................. 1.69ms DONE
  events ................................................................ 0.70ms DONE
  routes ................................................................ 0.63ms DONE
  views ................................................................. 4.54ms DONE

> @php artisan ide-helper:generate
A new helper file was written to _ide_helper.php
> @php artisan ide-helper:models

 Do you want to overwrite the existing model files? Choose no to write to _ide_helper_models.php instead (yes/no) [no]:
 > Model information was written to _ide_helper_models.php
> ./vendor/bin/pint

  ....................................................................

  ─────────────────────────────────────────────────────────────────────────── Laravel
    PASS   ................................................................. 68 files

> ./vendor/bin/phpstan clear-result-cache
Note: Using configuration file D:\laragon\www\smartshop-ai\phpstan.neon.dist.
Result cache cleared from directory:
C:\Users\kamel\AppData\Local\Temp/phpstan
> ./vendor/bin/phpstan
Note: Using configuration file D:\laragon\www\smartshop-ai\phpstan.neon.dist.
 42/42 [============================] 100%
 [OK] No errors
